Hash: [1m2fa39ee5f1667e7eaa94[39m[22m
Version: webpack [1m3.9.1[39m[22m
Child
    Hash: [1m2fa39ee5f1667e7eaa94[39m[22m
    Time: [1m3434[39m[22mms
                    [1mAsset[39m[22m     [1mSize[39m[22m  [1mChunks[39m[22m  [1m[39m[22m           [1m[39m[22m       [1mChunk Names[39m[22m
        [1m[33mb4w_app_bundle.js[39m[22m  [1m[33m5.39 MB[39m[22m       [1m0[39m[22m  [1m[32m[emitted][39m[22m  [1m[33m[big][39m[22m  main
    [1m[32mb4w_app_bundle.js.map[39m[22m   6.3 MB       [1m0[39m[22m  [1m[32m[emitted][39m[22m         main
       [1m[32mcode_snippets.html[39m[22m  2.13 kB        [1m[39m[22m  [1m[32m[emitted][39m[22m         
      [11] [1m/home/guille/Downloads/blend4web_ce_18_05_0/blend4web_ce/index.js[39m[22m 6.44 kB {[1m[33m0[39m[22m}[1m[32m [built][39m[22m
      [85] [1mmulti /home/guille/Downloads/blend4web_ce_18_05_0/blend4web_ce/apps_dev/code_snippets/code_snippets.js[39m[22m 28 bytes {[1m[33m0[39m[22m}[1m[32m [built][39m[22m
      [86] [1m/home/guille/Downloads/blend4web_ce_18_05_0/blend4web_ce/apps_dev/code_snippets/code_snippets.js[39m[22m 9.26 kB {[1m[33m0[39m[22m}[1m[32m [built][39m[22m
     [127] [1m/home/guille/Downloads/blend4web_ce_18_05_0/blend4web_ce/apps_dev/code_snippets/scripts/custom_anchors.js[39m[22m 2.34 kB {[1m[33m0[39m[22m}[1m[32m [built][39m[22m
     [128] [1m/home/guille/Downloads/blend4web_ce_18_05_0/blend4web_ce/apps_dev/code_snippets/scripts/dynamic_geometry.js[39m[22m 2.81 kB {[1m[33m0[39m[22m}[1m[32m [built][39m[22m
     [129] [1m/home/guille/Downloads/blend4web_ce_18_05_0/blend4web_ce/apps_dev/code_snippets/scripts/gamepad.js[39m[22m 9.27 kB {[1m[33m0[39m[22m}[1m[32m [built][39m[22m
     [131] [1m/home/guille/Downloads/blend4web_ce_18_05_0/blend4web_ce/apps_dev/code_snippets/scripts/instancing.js[39m[22m 2.32 kB {[1m[33m0[39m[22m}[1m[32m [built][39m[22m
     [132] [1m/home/guille/Downloads/blend4web_ce_18_05_0/blend4web_ce/apps_dev/code_snippets/scripts/leap.js[39m[22m 17.8 kB {[1m[33m0[39m[22m}[1m[32m [built][39m[22m
     [133] [1m/home/guille/Downloads/blend4web_ce_18_05_0/blend4web_ce/apps_dev/code_snippets/scripts/lines.js[39m[22m 2.16 kB {[1m[33m0[39m[22m}[1m[32m [built][39m[22m
     [134] [1m/home/guille/Downloads/blend4web_ce_18_05_0/blend4web_ce/apps_dev/code_snippets/scripts/material_api.js[39m[22m 2.82 kB {[1m[33m0[39m[22m}[1m[32m [built][39m[22m
     [135] [1m/home/guille/Downloads/blend4web_ce_18_05_0/blend4web_ce/apps_dev/code_snippets/scripts/morphing.js[39m[22m 4.47 kB {[1m[33m0[39m[22m}[1m[32m [built][39m[22m
     [136] [1m/home/guille/Downloads/blend4web_ce_18_05_0/blend4web_ce/apps_dev/code_snippets/scripts/multitouch.js[39m[22m 2.57 kB {[1m[33m0[39m[22m}[1m[32m [built][39m[22m
     [137] [1m/home/guille/Downloads/blend4web_ce_18_05_0/blend4web_ce/apps_dev/code_snippets/scripts/pathfinding.js[39m[22m 6.89 kB {[1m[33m0[39m[22m}[1m[32m [built][39m[22m
     [138] [1m/home/guille/Downloads/blend4web_ce_18_05_0/blend4web_ce/apps_dev/code_snippets/scripts/raytest.js[39m[22m 3.05 kB {[1m[33m0[39m[22m}[1m[32m [built][39m[22m
     [139] [1m/home/guille/Downloads/blend4web_ce_18_05_0/blend4web_ce/apps_dev/code_snippets/scripts/vr.js[39m[22m 12.9 kB {[1m[33m0[39m[22m}[1m[32m [built][39m[22m
        + 126 hidden modules
    Child [1mhtml-webpack-plugin for "code_snippets.html"[39m[22m:
                     [1mAsset[39m[22m    [1mSize[39m[22m  [1mChunks[39m[22m  [1m[39m[22m[1m[39m[22m[1mChunk Names[39m[22m
        [1m[32mcode_snippets.html[39m[22m  546 kB       [1m0[39m[22m  [1m[32m[39m[22m
           [0] [1m/home/guille/Downloads/blend4web_ce_18_05_0/blend4web_ce/node_modules/html-webpack-plugin/lib/loader.js!/home/guille/Downloads/blend4web_ce_18_05_0/blend4web_ce/apps_dev/code_snippets/code_snippets.html[39m[22m 2.5 kB {[1m[33m0[39m[22m}[1m[32m [built][39m[22m
           [2] [1m(webpack)/buildin/global.js[39m[22m 509 bytes {[1m[33m0[39m[22m}[1m[32m [built][39m[22m
           [3] [1m(webpack)/buildin/module.js[39m[22m 517 bytes {[1m[33m0[39m[22m}[1m[32m [built][39m[22m
            + 1 hidden module
